

Started GET "/" for 127.3.30.1 at 2014-06-02 23:33:04 -0400
Processing by Rails::WelcomeController#index as HTML
  Rendered /usr/libexec/openshift/cartridges/c9-0.1/root/lib/ruby/gems/gems/railties-4.0.0/lib/rails/templates/rails/welcome/index.html.erb (50.0ms)
Completed 200 OK in 315ms (Views: 162.1ms | ActiveRecord: 0.0ms)


Started GET "/home" for 127.3.30.1 at 2014-06-02 23:33:15 -0400

ActionController::RoutingError (No route matches [GET] "/home"):
  actionpack (4.0.0) lib/action_dispatch/middleware/debug_exceptions.rb:21:in `call'
  actionpack (4.0.0) lib/action_dispatch/middleware/show_exceptions.rb:30:in `call'
  railties (4.0.0) lib/rails/rack/logger.rb:38:in `call_app'
  railties (4.0.0) lib/rails/rack/logger.rb:21:in `block in call'
  activesupport (4.0.0) lib/active_support/tagged_logging.rb:67:in `block in tagged'
  activesupport (4.0.0) lib/active_support/tagged_logging.rb:25:in `tagged'
  activesupport (4.0.0) lib/active_support/tagged_logging.rb:67:in `tagged'
  railties (4.0.0) lib/rails/rack/logger.rb:21:in `call'
  actionpack (4.0.0) lib/action_dispatch/middleware/request_id.rb:21:in `call'
  rack (1.5.2) lib/rack/methodoverride.rb:21:in `call'
  rack (1.5.2) lib/rack/runtime.rb:17:in `call'
  activesupport (4.0.0) lib/active_support/cache/strategy/local_cache.rb:83:in `call'
  rack (1.5.2) lib/rack/lock.rb:17:in `call'
  actionpack (4.0.0) lib/action_dispatch/middleware/static.rb:64:in `call'
  railties (4.0.0) lib/rails/engine.rb:511:in `call'
  railties (4.0.0) lib/rails/application.rb:97:in `call'
  rack (1.5.2) lib/rack/lock.rb:17:in `call'
  rack (1.5.2) lib/rack/content_length.rb:14:in `call'
  rack (1.5.2) lib/rack/handler/webrick.rb:60:in `service'
  /opt/rh/ruby193/root/usr/share/ruby/webrick/httpserver.rb:138:in `service'
  /opt/rh/ruby193/root/usr/share/ruby/webrick/httpserver.rb:94:in `run'
  /opt/rh/ruby193/root/usr/share/ruby/webrick/server.rb:191:in `block in start_thread'


  Rendered /usr/libexec/openshift/cartridges/c9-0.1/root/lib/ruby/gems/gems/actionpack-4.0.0/lib/action_dispatch/middleware/templates/rescues/_trace.erb (1.3ms)
  Rendered /usr/libexec/openshift/cartridges/c9-0.1/root/lib/ruby/gems/gems/actionpack-4.0.0/lib/action_dispatch/middleware/templates/routes/_route.html.erb (0.9ms)
  Rendered /usr/libexec/openshift/cartridges/c9-0.1/root/lib/ruby/gems/gems/actionpack-4.0.0/lib/action_dispatch/middleware/templates/routes/_table.html.erb (39.1ms)
  Rendered /usr/libexec/openshift/cartridges/c9-0.1/root/lib/ruby/gems/gems/actionpack-4.0.0/lib/action_dispatch/middleware/templates/rescues/routing_error.erb within rescues/layout (126.2ms)


Started GET "/static_pages/home" for 127.3.30.1 at 2014-06-02 23:33:31 -0400
Processing by StaticPagesController#home as HTML
  Rendered static_pages/home.html.erb within layouts/application (0.4ms)
Completed 200 OK in 2721ms (Views: 2720.1ms | ActiveRecord: 0.0ms)


Started GET "/assets/application.css?body=1" for 127.3.30.1 at 2014-06-02 23:33:34 -0400


Started GET "/assets/jquery_ujs.js?body=1" for 127.3.30.1 at 2014-06-02 23:33:34 -0400


Started GET "/assets/static_pages.css?body=1" for 127.3.30.1 at 2014-06-02 23:33:34 -0400


Started GET "/assets/turbolinks.js?body=1" for 127.3.30.1 at 2014-06-02 23:33:34 -0400


Started GET "/assets/static_pages.js?body=1" for 127.3.30.1 at 2014-06-02 23:33:35 -0400


Started GET "/assets/application.js?body=1" for 127.3.30.1 at 2014-06-02 23:33:35 -0400


Started GET "/assets/jquery.js?body=1" for 127.3.30.1 at 2014-06-02 23:33:35 -0400


Started GET "/static_pages/about" for 127.3.30.1 at 2014-06-02 23:38:11 -0400

ActionController::RoutingError (No route matches [GET] "/static_pages/about"):
  actionpack (4.0.0) lib/action_dispatch/middleware/debug_exceptions.rb:21:in `call'
  actionpack (4.0.0) lib/action_dispatch/middleware/show_exceptions.rb:30:in `call'
  railties (4.0.0) lib/rails/rack/logger.rb:38:in `call_app'
  railties (4.0.0) lib/rails/rack/logger.rb:21:in `block in call'
  activesupport (4.0.0) lib/active_support/tagged_logging.rb:67:in `block in tagged'
  activesupport (4.0.0) lib/active_support/tagged_logging.rb:25:in `tagged'
  activesupport (4.0.0) lib/active_support/tagged_logging.rb:67:in `tagged'
  railties (4.0.0) lib/rails/rack/logger.rb:21:in `call'
  actionpack (4.0.0) lib/action_dispatch/middleware/request_id.rb:21:in `call'
  rack (1.5.2) lib/rack/methodoverride.rb:21:in `call'
  rack (1.5.2) lib/rack/runtime.rb:17:in `call'
  activesupport (4.0.0) lib/active_support/cache/strategy/local_cache.rb:83:in `call'
  rack (1.5.2) lib/rack/lock.rb:17:in `call'
  actionpack (4.0.0) lib/action_dispatch/middleware/static.rb:64:in `call'
  railties (4.0.0) lib/rails/engine.rb:511:in `call'
  railties (4.0.0) lib/rails/application.rb:97:in `call'
  rack (1.5.2) lib/rack/lock.rb:17:in `call'
  rack (1.5.2) lib/rack/content_length.rb:14:in `call'
  rack (1.5.2) lib/rack/handler/webrick.rb:60:in `service'
  /opt/rh/ruby193/root/usr/share/ruby/webrick/httpserver.rb:138:in `service'
  /opt/rh/ruby193/root/usr/share/ruby/webrick/httpserver.rb:94:in `run'
  /opt/rh/ruby193/root/usr/share/ruby/webrick/server.rb:191:in `block in start_thread'


  Rendered /usr/libexec/openshift/cartridges/c9-0.1/root/lib/ruby/gems/gems/actionpack-4.0.0/lib/action_dispatch/middleware/templates/rescues/_trace.erb (1.4ms)
  Rendered /usr/libexec/openshift/cartridges/c9-0.1/root/lib/ruby/gems/gems/actionpack-4.0.0/lib/action_dispatch/middleware/templates/routes/_route.html.erb (0.9ms)
  Rendered /usr/libexec/openshift/cartridges/c9-0.1/root/lib/ruby/gems/gems/actionpack-4.0.0/lib/action_dispatch/middleware/templates/routes/_table.html.erb (1.5ms)
  Rendered /usr/libexec/openshift/cartridges/c9-0.1/root/lib/ruby/gems/gems/actionpack-4.0.0/lib/action_dispatch/middleware/templates/rescues/routing_error.erb within rescues/layout (102.2ms)


Started GET "/static_pages/about" for 127.3.30.1 at 2014-06-02 23:38:48 -0400

ActionController::RoutingError (No route matches [GET] "/static_pages/about"):
  actionpack (4.0.0) lib/action_dispatch/middleware/debug_exceptions.rb:21:in `call'
  actionpack (4.0.0) lib/action_dispatch/middleware/show_exceptions.rb:30:in `call'
  railties (4.0.0) lib/rails/rack/logger.rb:38:in `call_app'
  railties (4.0.0) lib/rails/rack/logger.rb:21:in `block in call'
  activesupport (4.0.0) lib/active_support/tagged_logging.rb:67:in `block in tagged'
  activesupport (4.0.0) lib/active_support/tagged_logging.rb:25:in `tagged'
  activesupport (4.0.0) lib/active_support/tagged_logging.rb:67:in `tagged'
  railties (4.0.0) lib/rails/rack/logger.rb:21:in `call'
  actionpack (4.0.0) lib/action_dispatch/middleware/request_id.rb:21:in `call'
  rack (1.5.2) lib/rack/methodoverride.rb:21:in `call'
  rack (1.5.2) lib/rack/runtime.rb:17:in `call'
  activesupport (4.0.0) lib/active_support/cache/strategy/local_cache.rb:83:in `call'
  rack (1.5.2) lib/rack/lock.rb:17:in `call'
  actionpack (4.0.0) lib/action_dispatch/middleware/static.rb:64:in `call'
  railties (4.0.0) lib/rails/engine.rb:511:in `call'
  railties (4.0.0) lib/rails/application.rb:97:in `call'
  rack (1.5.2) lib/rack/lock.rb:17:in `call'
  rack (1.5.2) lib/rack/content_length.rb:14:in `call'
  rack (1.5.2) lib/rack/handler/webrick.rb:60:in `service'
  /opt/rh/ruby193/root/usr/share/ruby/webrick/httpserver.rb:138:in `service'
  /opt/rh/ruby193/root/usr/share/ruby/webrick/httpserver.rb:94:in `run'
  /opt/rh/ruby193/root/usr/share/ruby/webrick/server.rb:191:in `block in start_thread'


  Rendered /usr/libexec/openshift/cartridges/c9-0.1/root/lib/ruby/gems/gems/actionpack-4.0.0/lib/action_dispatch/middleware/templates/rescues/_trace.erb (1.3ms)
  Rendered /usr/libexec/openshift/cartridges/c9-0.1/root/lib/ruby/gems/gems/actionpack-4.0.0/lib/action_dispatch/middleware/templates/routes/_route.html.erb (3.4ms)
  Rendered /usr/libexec/openshift/cartridges/c9-0.1/root/lib/ruby/gems/gems/actionpack-4.0.0/lib/action_dispatch/middleware/templates/routes/_table.html.erb (99.3ms)
  Rendered /usr/libexec/openshift/cartridges/c9-0.1/root/lib/ruby/gems/gems/actionpack-4.0.0/lib/action_dispatch/middleware/templates/rescues/routing_error.erb within rescues/layout (220.8ms)


Started GET "/static_pages/about" for 127.3.30.1 at 2014-06-02 23:39:07 -0400
Processing by StaticPagesController#about as HTML
  Rendered static_pages/about.html.erb within layouts/application (0.5ms)
Completed 200 OK in 297ms (Views: 180.9ms | ActiveRecord: 0.0ms)


Started GET "/assets/static_pages.js?body=1" for 127.3.30.1 at 2014-06-02 23:39:09 -0400


Started GET "/assets/static_pages.css?body=1" for 127.3.30.1 at 2014-06-02 23:39:09 -0400


Started GET "/static_pages/about" for 127.3.30.1 at 2014-06-03 00:19:01 -0400
Processing by StaticPagesController#about as HTML
  Rendered static_pages/about.html.erb within layouts/application (3.9ms)
Completed 200 OK in 1518ms (Views: 1417.5ms | ActiveRecord: 0.0ms)


Started GET "/assets/application.css?body=1" for 127.3.30.1 at 2014-06-03 00:19:05 -0400


Started GET "/assets/calendar.css?body=1" for 127.3.30.1 at 2014-06-03 00:19:05 -0400


Started GET "/assets/static_pages.css?body=1" for 127.3.30.1 at 2014-06-03 00:19:05 -0400


Started GET "/assets/calendar.js?body=1" for 127.3.30.1 at 2014-06-03 00:19:05 -0400


Started GET "/assets/static_pages.js?body=1" for 127.3.30.1 at 2014-06-03 00:19:05 -0400


Started GET "/assets/application.js?body=1" for 127.3.30.1 at 2014-06-03 00:19:05 -0400


Started GET "/calendar" for 127.3.30.1 at 2014-06-03 00:19:10 -0400

ActionController::RoutingError (No route matches [GET] "/calendar"):
  actionpack (4.0.0) lib/action_dispatch/middleware/debug_exceptions.rb:21:in `call'
  actionpack (4.0.0) lib/action_dispatch/middleware/show_exceptions.rb:30:in `call'
  railties (4.0.0) lib/rails/rack/logger.rb:38:in `call_app'
  railties (4.0.0) lib/rails/rack/logger.rb:21:in `block in call'
  activesupport (4.0.0) lib/active_support/tagged_logging.rb:67:in `block in tagged'
  activesupport (4.0.0) lib/active_support/tagged_logging.rb:25:in `tagged'
  activesupport (4.0.0) lib/active_support/tagged_logging.rb:67:in `tagged'
  railties (4.0.0) lib/rails/rack/logger.rb:21:in `call'
  actionpack (4.0.0) lib/action_dispatch/middleware/request_id.rb:21:in `call'
  rack (1.5.2) lib/rack/methodoverride.rb:21:in `call'
  rack (1.5.2) lib/rack/runtime.rb:17:in `call'
  activesupport (4.0.0) lib/active_support/cache/strategy/local_cache.rb:83:in `call'
  rack (1.5.2) lib/rack/lock.rb:17:in `call'
  actionpack (4.0.0) lib/action_dispatch/middleware/static.rb:64:in `call'
  railties (4.0.0) lib/rails/engine.rb:511:in `call'
  railties (4.0.0) lib/rails/application.rb:97:in `call'
  rack (1.5.2) lib/rack/lock.rb:17:in `call'
  rack (1.5.2) lib/rack/content_length.rb:14:in `call'
  rack (1.5.2) lib/rack/handler/webrick.rb:60:in `service'
  /opt/rh/ruby193/root/usr/share/ruby/webrick/httpserver.rb:138:in `service'
  /opt/rh/ruby193/root/usr/share/ruby/webrick/httpserver.rb:94:in `run'
  /opt/rh/ruby193/root/usr/share/ruby/webrick/server.rb:191:in `block in start_thread'


  Rendered /usr/libexec/openshift/cartridges/c9-0.1/root/lib/ruby/gems/gems/actionpack-4.0.0/lib/action_dispatch/middleware/templates/rescues/_trace.erb (25.7ms)
  Rendered /usr/libexec/openshift/cartridges/c9-0.1/root/lib/ruby/gems/gems/actionpack-4.0.0/lib/action_dispatch/middleware/templates/routes/_route.html.erb (1.3ms)
  Rendered /usr/libexec/openshift/cartridges/c9-0.1/root/lib/ruby/gems/gems/actionpack-4.0.0/lib/action_dispatch/middleware/templates/routes/_table.html.erb (107.8ms)
  Rendered /usr/libexec/openshift/cartridges/c9-0.1/root/lib/ruby/gems/gems/actionpack-4.0.0/lib/action_dispatch/middleware/templates/rescues/routing_error.erb within rescues/layout (244.7ms)


Started GET "/calendar/show" for 127.3.30.1 at 2014-06-03 00:19:17 -0400
Processing by CalendarController#show as HTML
  Rendered calendar/show.html.erb within layouts/application (124.3ms)
Completed 500 Internal Server Error in 152ms

ActionView::Template::Error (undefined method `calendar_path' for #<#<Class:0x007f40c000c3e8>:0x007f40c000aa20>):
    1: <div class="row">
    2:   <div class="col-md-12 text-center">
    3:     <div class="well controls">
    4:       <%= link_to calendar_path(date: @date - 1.month), class: "btn btn-default" do %>
    5:         <i class="glyphicon glyphicon-backward"></i>
    6:       <% end %>
    7:       <%= "#{@date.strftime("%B")} #{@date.year}" %>
  app/views/calendar/show.html.erb:4:in `_app_views_calendar_show_html_erb__3178746694998872399_69958038577260'


  Rendered /usr/libexec/openshift/cartridges/c9-0.1/root/lib/ruby/gems/gems/actionpack-4.0.0/lib/action_dispatch/middleware/templates/rescues/_trace.erb (1.5ms)
  Rendered /usr/libexec/openshift/cartridges/c9-0.1/root/lib/ruby/gems/gems/actionpack-4.0.0/lib/action_dispatch/middleware/templates/rescues/_request_and_response.erb (1.2ms)
  Rendered /usr/libexec/openshift/cartridges/c9-0.1/root/lib/ruby/gems/gems/actionpack-4.0.0/lib/action_dispatch/middleware/templates/rescues/template_error.erb within rescues/layout (99.3ms)


Started GET "/calendar/show" for 127.3.30.1 at 2014-06-03 00:20:45 -0400
Processing by CalendarController#show as HTML
  Rendered calendar/show.html.erb within layouts/application (6.1ms)
Completed 200 OK in 23ms (Views: 21.6ms | ActiveRecord: 0.0ms)


Started GET "/assets/application.css?body=1" for 127.3.30.1 at 2014-06-03 00:20:46 -0400


Started GET "/assets/calendar.css?body=1" for 127.3.30.1 at 2014-06-03 00:20:46 -0400


Started GET "/assets/static_pages.css?body=1" for 127.3.30.1 at 2014-06-03 00:20:46 -0400


Started GET "/assets/calendar.js?body=1" for 127.3.30.1 at 2014-06-03 00:20:46 -0400


Started GET "/assets/static_pages.js?body=1" for 127.3.30.1 at 2014-06-03 00:20:46 -0400


Started GET "/assets/application.js?body=1" for 127.3.30.1 at 2014-06-03 00:20:46 -0400


Started GET "/" for 127.3.30.1 at 2014-06-03 00:30:22 -0400
Processing by CalendarController#show as HTML
  Rendered calendar/show.html.erb within layouts/application (83.5ms)
Completed 200 OK in 517ms (Views: 407.4ms | ActiveRecord: 0.0ms)


Started GET "/assets/application.css?body=1" for 127.3.30.1 at 2014-06-03 00:30:25 -0400


Started GET "/assets/calendar.css?body=1" for 127.3.30.1 at 2014-06-03 00:30:25 -0400


Started GET "/assets/static_pages.css?body=1" for 127.3.30.1 at 2014-06-03 00:30:25 -0400


Started GET "/assets/calendar.js?body=1" for 127.3.30.1 at 2014-06-03 00:30:25 -0400


Started GET "/assets/application.js?body=1" for 127.3.30.1 at 2014-06-03 00:30:25 -0400


Started GET "/assets/static_pages.js?body=1" for 127.3.30.1 at 2014-06-03 00:30:25 -0400


Started GET "/" for 127.3.30.1 at 2014-06-03 00:32:58 -0400
Processing by CalendarController#show as HTML
  Rendered calendar/show.html.erb within layouts/application (4.2ms)
Completed 200 OK in 23ms (Views: 22.2ms | ActiveRecord: 0.0ms)


Started GET "/assets/calendar.css?body=1" for 127.3.30.1 at 2014-06-03 00:32:59 -0400


Started GET "/assets/application.css?body=1" for 127.3.30.1 at 2014-06-03 00:32:59 -0400


Started GET "/assets/static_pages.css?body=1" for 127.3.30.1 at 2014-06-03 00:32:59 -0400


Started GET "/assets/jquery_ujs.js?body=1" for 127.3.30.1 at 2014-06-03 00:32:59 -0400


Started GET "/assets/turbolinks.js?body=1" for 127.3.30.1 at 2014-06-03 00:32:59 -0400


Started GET "/assets/calendar.js?body=1" for 127.3.30.1 at 2014-06-03 00:32:59 -0400


Started GET "/assets/static_pages.js?body=1" for 127.3.30.1 at 2014-06-03 00:33:00 -0400


Started GET "/assets/application.js?body=1" for 127.3.30.1 at 2014-06-03 00:33:00 -0400


Started GET "/assets/jquery.js?body=1" for 127.3.30.1 at 2014-06-03 00:33:00 -0400


Started GET "/" for 127.3.30.1 at 2014-06-03 00:57:21 -0400
Processing by CalendarController#show as HTML
  Rendered calendar/show.html.erb within layouts/application (173.0ms)
Completed 200 OK in 506ms (Views: 313.7ms | ActiveRecord: 0.0ms)


Started GET "/assets/calendar.css?body=1" for 127.3.30.1 at 2014-06-03 00:57:25 -0400


Started GET "/assets/application.css?body=1" for 127.3.30.1 at 2014-06-03 00:57:25 -0400


Started GET "/assets/static_pages.css?body=1" for 127.3.30.1 at 2014-06-03 00:57:25 -0400


Started GET "/assets/jquery_ujs.js?body=1" for 127.3.30.1 at 2014-06-03 00:57:25 -0400


Started GET "/assets/turbolinks.js?body=1" for 127.3.30.1 at 2014-06-03 00:57:25 -0400


Started GET "/assets/calendar.js?body=1" for 127.3.30.1 at 2014-06-03 00:57:25 -0400


Started GET "/assets/static_pages.js?body=1" for 127.3.30.1 at 2014-06-03 00:57:26 -0400


Started GET "/assets/application.js?body=1" for 127.3.30.1 at 2014-06-03 00:57:26 -0400


Started GET "/assets/jquery.js?body=1" for 127.3.30.1 at 2014-06-03 00:57:26 -0400


Started GET "/" for 127.3.30.1 at 2014-06-03 00:57:35 -0400
Processing by CalendarController#show as HTML
  Rendered calendar/show.html.erb within layouts/application (4.0ms)
Completed 200 OK in 125ms (Views: 124.0ms | ActiveRecord: 0.0ms)


Started GET "/assets/application.css?body=1" for 127.3.30.1 at 2014-06-03 00:57:36 -0400


Started GET "/assets/calendar.css?body=1" for 127.3.30.1 at 2014-06-03 00:57:36 -0400


Started GET "/assets/jquery_ujs.js?body=1" for 127.3.30.1 at 2014-06-03 00:57:36 -0400


Started GET "/assets/static_pages.css?body=1" for 127.3.30.1 at 2014-06-03 00:57:36 -0400


Started GET "/assets/calendar.js?body=1" for 127.3.30.1 at 2014-06-03 00:57:36 -0400


Started GET "/assets/turbolinks.js?body=1" for 127.3.30.1 at 2014-06-03 00:57:36 -0400


Started GET "/assets/jquery.js?body=1" for 127.3.30.1 at 2014-06-03 00:57:37 -0400


Started GET "/assets/static_pages.js?body=1" for 127.3.30.1 at 2014-06-03 00:57:37 -0400


Started GET "/assets/application.js?body=1" for 127.3.30.1 at 2014-06-03 00:57:37 -0400


Started GET "/calendar?date=2014-07-03" for 127.3.30.1 at 2014-06-03 00:57:46 -0400
Processing by CalendarController#show as HTML
  Parameters: {"date"=>"2014-07-03"}
  Rendered calendar/show.html.erb within layouts/application (4.2ms)
Completed 200 OK in 40ms (Views: 38.1ms | ActiveRecord: 0.0ms)


Started GET "/calendar?date=2014-08-03" for 127.3.30.1 at 2014-06-03 00:57:49 -0400
Processing by CalendarController#show as HTML
  Parameters: {"date"=>"2014-08-03"}
  Rendered calendar/show.html.erb within layouts/application (7.1ms)
Completed 200 OK in 27ms (Views: 25.7ms | ActiveRecord: 0.0ms)


Started GET "/calendar?date=2014-07-03" for 127.3.30.1 at 2014-06-03 00:57:51 -0400
Processing by CalendarController#show as HTML
  Parameters: {"date"=>"2014-07-03"}
  Rendered calendar/show.html.erb within layouts/application (3.3ms)
Completed 200 OK in 20ms (Views: 19.5ms | ActiveRecord: 0.0ms)


Started GET "/calendar?date=2014-06-03" for 127.3.30.1 at 2014-06-03 00:57:54 -0400
Processing by CalendarController#show as HTML
  Parameters: {"date"=>"2014-06-03"}
  Rendered calendar/show.html.erb within layouts/application (3.2ms)
Completed 200 OK in 29ms (Views: 28.0ms | ActiveRecord: 0.0ms)


Started GET "/calendar?date=2014-07-03" for 127.3.30.1 at 2014-06-03 00:58:01 -0400
Processing by CalendarController#show as HTML
  Parameters: {"date"=>"2014-07-03"}
  Rendered calendar/show.html.erb within layouts/application (7.3ms)
Completed 200 OK in 34ms (Views: 31.1ms | ActiveRecord: 0.0ms)


Started GET "/calendar?date=2014-08-03" for 127.3.30.1 at 2014-06-03 00:58:02 -0400
Processing by CalendarController#show as HTML
  Parameters: {"date"=>"2014-08-03"}
  Rendered calendar/show.html.erb within layouts/application (8.3ms)
Completed 200 OK in 35ms (Views: 33.7ms | ActiveRecord: 0.0ms)
